TN:
SF:src/usecase/submitFeedbackUsecase.ts
FN:12,SubmitFeedbackImpl
FN:16,SubmitFeedbackImpl.execute
FNF:2
FNH:2
FNDA:5,SubmitFeedbackImpl
FNDA:5,SubmitFeedbackImpl.execute
DA:1,1
DA:2,1
DA:3,1
DA:4,1
DA:5,1
DA:6,1
DA:7,1
DA:8,1
DA:9,1
DA:10,1
DA:11,1
DA:12,1
DA:13,5
DA:14,5
DA:15,5
DA:16,1
DA:17,5
DA:18,5
DA:19,5
DA:20,5
DA:21,5
DA:22,5
DA:23,5
DA:24,5
DA:25,2
DA:26,2
DA:27,2
DA:28,2
DA:29,2
DA:30,2
DA:31,2
DA:32,2
DA:33,2
DA:34,2
DA:35,2
DA:36,2
DA:37,1
LF:37
LH:37
BRDA:12,0,0,5
BRDA:16,1,0,5
BRDA:21,2,0,1
BRDA:22,3,0,4
BRDA:22,4,0,1
BRDA:23,5,0,3
BRDA:24,6,0,1
BRDA:25,7,0,2
BRF:8
BRH:8
end_of_record
